[ 2025-11-02 23:37:13,361 ] 1018 root - INFO - running dist_info
[ 2025-11-02 23:37:13,373 ] 58 root - INFO - creating C:\Users\rgarlay\AppData\Local\Temp\pip-modern-metadata-ngeem5fn\Reddit_Classification.egg-info
[ 2025-11-02 23:37:13,374 ] 651 root - INFO - writing C:\Users\rgarlay\AppData\Local\Temp\pip-modern-metadata-ngeem5fn\Reddit_Classification.egg-info\PKG-INFO
[ 2025-11-02 23:37:13,377 ] 279 root - INFO - writing dependency_links to C:\Users\rgarlay\AppData\Local\Temp\pip-modern-metadata-ngeem5fn\Reddit_Classification.egg-info\dependency_links.txt
[ 2025-11-02 23:37:13,379 ] 279 root - INFO - writing top-level names to C:\Users\rgarlay\AppData\Local\Temp\pip-modern-metadata-ngeem5fn\Reddit_Classification.egg-info\top_level.txt
[ 2025-11-02 23:37:13,382 ] 332 root - INFO - writing manifest file 'C:\Users\rgarlay\AppData\Local\Temp\pip-modern-metadata-ngeem5fn\Reddit_Classification.egg-info\SOURCES.txt'
[ 2025-11-02 23:37:13,404 ] 203 root - INFO - reading manifest file 'C:\Users\rgarlay\AppData\Local\Temp\pip-modern-metadata-ngeem5fn\Reddit_Classification.egg-info\SOURCES.txt'
[ 2025-11-02 23:37:13,406 ] 332 root - INFO - writing manifest file 'C:\Users\rgarlay\AppData\Local\Temp\pip-modern-metadata-ngeem5fn\Reddit_Classification.egg-info\SOURCES.txt'
[ 2025-11-02 23:37:13,408 ] 98 root - INFO - creating 'C:\Users\rgarlay\AppData\Local\Temp\pip-modern-metadata-ngeem5fn\reddit_classification-0.0.1.dist-info'
[ 2025-11-02 23:37:13,913 ] 1018 root - INFO - running editable_wheel
[ 2025-11-02 23:37:13,932 ] 58 root - INFO - creating C:\Users\rgarlay\AppData\Local\Temp\pip-wheel-o49pigrg\.tmp-hfc_ifak\Reddit_Classification.egg-info
[ 2025-11-02 23:37:13,933 ] 651 root - INFO - writing C:\Users\rgarlay\AppData\Local\Temp\pip-wheel-o49pigrg\.tmp-hfc_ifak\Reddit_Classification.egg-info\PKG-INFO
[ 2025-11-02 23:37:13,937 ] 279 root - INFO - writing dependency_links to C:\Users\rgarlay\AppData\Local\Temp\pip-wheel-o49pigrg\.tmp-hfc_ifak\Reddit_Classification.egg-info\dependency_links.txt
[ 2025-11-02 23:37:13,939 ] 279 root - INFO - writing top-level names to C:\Users\rgarlay\AppData\Local\Temp\pip-wheel-o49pigrg\.tmp-hfc_ifak\Reddit_Classification.egg-info\top_level.txt
[ 2025-11-02 23:37:13,941 ] 332 root - INFO - writing manifest file 'C:\Users\rgarlay\AppData\Local\Temp\pip-wheel-o49pigrg\.tmp-hfc_ifak\Reddit_Classification.egg-info\SOURCES.txt'
[ 2025-11-02 23:37:13,961 ] 203 root - INFO - reading manifest file 'C:\Users\rgarlay\AppData\Local\Temp\pip-wheel-o49pigrg\.tmp-hfc_ifak\Reddit_Classification.egg-info\SOURCES.txt'
[ 2025-11-02 23:37:13,965 ] 332 root - INFO - writing manifest file 'C:\Users\rgarlay\AppData\Local\Temp\pip-wheel-o49pigrg\.tmp-hfc_ifak\Reddit_Classification.egg-info\SOURCES.txt'
[ 2025-11-02 23:37:13,967 ] 98 root - INFO - creating 'C:\Users\rgarlay\AppData\Local\Temp\pip-wheel-o49pigrg\.tmp-hfc_ifak\reddit_classification-0.0.1.dist-info'
[ 2025-11-02 23:37:13,988 ] 475 root - INFO - creating C:\Users\rgarlay\AppData\Local\Temp\pip-wheel-o49pigrg\.tmp-hfc_ifak\reddit_classification-0.0.1.dist-info\WHEEL
[ 2025-11-02 23:37:14,018 ] 1018 root - INFO - running build_py
[ 2025-11-02 23:37:14,030 ] 554 setuptools.command.editable_wheel - WARNING - Editable install will be performed using a meta path finder.

Options like `package-data`, `include/exclude-package-data` or
`packages.find.exclude/include` may have no effect.

[ 2025-11-02 23:37:14,040 ] 204 wheel - INFO - adding '__editable___reddit_classification_0_0_1_finder.py'
[ 2025-11-02 23:37:14,040 ] 204 wheel - INFO - adding '__editable__.reddit_classification-0.0.1.pth'
[ 2025-11-02 23:37:14,040 ] 144 wheel - INFO - creating 'C:\Users\rgarlay\AppData\Local\Temp\pip-wheel-o49pigrg\.tmp-hfc_ifak\reddit_classification-0.0.1-0.editable-py3-none-any.whl' and adding 'C:\Users\rgarlay\AppData\Local\Temp\tmp5bghrctoreddit_classification-0.0.1-0.editable-py3-none-any.whl' to it
[ 2025-11-02 23:37:14,041 ] 204 wheel - INFO - adding 'reddit_classification-0.0.1.dist-info/METADATA'
[ 2025-11-02 23:37:14,042 ] 204 wheel - INFO - adding 'reddit_classification-0.0.1.dist-info/WHEEL'
[ 2025-11-02 23:37:14,042 ] 204 wheel - INFO - adding 'reddit_classification-0.0.1.dist-info/top_level.txt'
[ 2025-11-02 23:37:14,043 ] 204 wheel - INFO - adding 'reddit_classification-0.0.1.dist-info/RECORD'
